<?xml version="1.0" encoding="UTF-8"?>
<!-- Generated by org.testng.reporters.JUnitXMLReporter -->
<testsuite hostname="LAPTOP-QNPV151A" ignored="2" name="Test" tests="4" failures="0" timestamp="28 Apr 2022 09:33:53 GMT" time="0.043" errors="0">
  <testcase name="test01" time="0.011" classname="com.jbk.GrupsOfMethods"/>
  <testcase name="test02" time="0.001" classname="com.jbk.GrupsOfMethods"/>
  <testcase name="test03" time="0.001" classname="com.jbk.GrupsOfMethods"/>
  <testcase name="test04" time="0.001" classname="com.jbk.GrupsOfMethods"/>
  <testcase name="test06" time="0.0" classname="com.jbk.GrupsOfMethods">
    <ignored/>
  </testcase> <!-- test06 -->
  <testcase name="test05" time="0.0" classname="com.jbk.GrupsOfMethods">
    <ignored/>
  </testcase> <!-- test05 -->
</testsuite> <!-- Test -->
