<?xml version="1.0" encoding="UTF-8"?>
<!-- Generated by org.testng.reporters.JUnitXMLReporter -->
<testsuite hostname="LAPTOP-QNPV151A" ignored="5" name="Test2" tests="1" failures="0" timestamp="28 Apr 2022 09:46:23 GMT" time="0.005" errors="0">
  <testcase name="test05" time="0.001" classname="com.jbk.GrupsOfMethods"/>
  <testcase name="test06" time="0.0" classname="com.jbk.GrupsOfMethods">
    <ignored/>
  </testcase> <!-- test06 -->
  <testcase name="test04" time="0.0" classname="com.jbk.GrupsOfMethods">
    <ignored/>
  </testcase> <!-- test04 -->
  <testcase name="test02" time="0.0" classname="com.jbk.GrupsOfMethods">
    <ignored/>
  </testcase> <!-- test02 -->
  <testcase name="test03" time="0.0" classname="com.jbk.GrupsOfMethods">
    <ignored/>
  </testcase> <!-- test03 -->
  <testcase name="test01" time="0.0" classname="com.jbk.GrupsOfMethods">
    <ignored/>
  </testcase> <!-- test01 -->
</testsuite> <!-- Test2 -->
